Using pre-set license
Built from '2021.1/staging' branch; Version is '2021.1.3f1 (4bef613afd59) revision 4976481'; Using compiler version '192528614'; Build Type 'Release'
OS: 'Windows 10 Home; OS build 19042.1165; Version 2009; 64bit' Language: 'en' Physical Memory: 16309 MB
BatchMode: 1, IsHumanControllingUs: 0, StartBugReporterOnCrash: 0, Is64bit: 1, IsPro: 0

 COMMAND LINE ARGUMENTS:
C:\Program Files\Unity\Hub\Editor\2021.1.3f1\Editor\Unity.exe
-adb2
-batchMode
-noUpm
-name
AssetImportWorker1
-projectPath
C:/Users/hdunp/Documents/GameDev/Unity/GitHub/Metriodvania_2
-logFile
Logs/AssetImportWorker1.log
-srvPort
53579
Successfully changed project path to: C:/Users/hdunp/Documents/GameDev/Unity/GitHub/Metriodvania_2
C:/Users/hdunp/Documents/GameDev/Unity/GitHub/Metriodvania_2
Using Asset Import Pipeline V2.
Refreshing native plugins compatible for Editor in 92.05 ms, found 2 plugins.
Preloading 0 native plugins for Editor in 0.00 ms.
Initialize engine version: 2021.1.3f1 (4bef613afd59)
[Subsystems] Discovering subsystems at path C:/Program Files/Unity/Hub/Editor/2021.1.3f1/Editor/Data/Resources/UnitySubsystems
[Subsystems] Discovering subsystems at path C:/Users/hdunp/Documents/GameDev/Unity/GitHub/Metriodvania_2/Assets
GfxDevice: creating device client; threaded=0; jobified=0
Direct3D:
    Version:  Direct3D 11.0 [level 11.1]
    Renderer: NVIDIA GeForce GTX 1660 SUPER (ID=0x21c4)
    Vendor:   NVIDIA
    VRAM:     5991 MB
    Driver:   27.21.14.5671
Initialize mono
Mono path[0] = 'C:/Program Files/Unity/Hub/Editor/2021.1.3f1/Editor/Data/Managed'
Mono path[1] = 'C:/Program Files/Unity/Hub/Editor/2021.1.3f1/Editor/Data/MonoBleedingEdge/lib/mono/unityjit'
Mono config path = 'C:/Program Files/Unity/Hub/Editor/2021.1.3f1/Editor/Data/MonoBleedingEdge/etc'
Using monoOptions --debugger-agent=transport=dt_socket,embedding=1,server=y,suspend=n,address=127.0.0.1:56248
Begin MonoManager ReloadAssembly
Registering precompiled unity dll's ...
Register platform support module: C:/Program Files/Unity/Hub/Editor/2021.1.3f1/Editor/Data/PlaybackEngines/WebGLSupport/UnityEditor.WebGL.Extensions.dll
Register platform support module: C:/Program Files/Unity/Hub/Editor/2021.1.3f1/Editor/Data/PlaybackEngines/WindowsStandaloneSupport/UnityEditor.WindowsStandalone.Extensions.dll
Registered in 0.002223 seconds.
Native extension for WindowsStandalone target not found
Native extension for WebGL target not found
Refreshing native plugins compatible for Editor in 96.31 ms, found 2 plugins.
Preloading 0 native plugins for Editor in 0.00 ms.
Mono: successfully reloaded assembly
- Completed reload, in  3.492 seconds
Platform modules already initialized, skipping
Registering precompiled user dll's ...
Registered in 0.002755 seconds.
Begin MonoManager ReloadAssembly
Native extension for WindowsStandalone target not found
Native extension for WebGL target not found
Refreshing native plugins compatible for Editor in 100.12 ms, found 2 plugins.
Preloading 0 native plugins for Editor in 0.00 ms.
Mono: successfully reloaded assembly
- Completed reload, in  1.122 seconds
Platform modules already initialized, skipping
========================================================================
Worker process is ready to serve import requests
Launched and connected shader compiler UnityShaderCompiler.exe after 0.07 seconds
Refreshing native plugins compatible for Editor in 0.92 ms, found 2 plugins.
Preloading 0 native plugins for Editor in 0.00 ms.
Unloading 3713 Unused Serialized files (Serialized files now loaded: 0)
System memory in use before: 140.0 MB.
System memory in use after: 140.1 MB.

Unloading 31 unused Assets to reduce memory usage. Loaded Objects now: 4168.
Total: 2.604400 ms (FindLiveObjects: 0.349600 ms CreateObjectMapping: 0.094700 ms MarkObjects: 2.045800 ms  DeleteObjects: 0.113600 ms)

========================================================================
Received Import Request.
  path: Assets/Resources/Prefabs/Entities/Enemies
  artifactKey: Guid(f3a6d4c662313b142ba2ff379bdc5079) Importer(815301076,1909f56bfc062723c751e8b465ee728b)
Start importing Assets/Resources/Prefabs/Entities/Enemies using Guid(f3a6d4c662313b142ba2ff379bdc5079) Importer(815301076,1909f56bfc062723c751e8b465ee728b)  -> (artifact id: '8ddd3765cf65bcad5fca754a0f8c29be') in 0.010954 seconds 
========================================================================
Received Import Request.
  Time since last request: 4.881413 seconds.
  path: Assets/Resources/Prefabs/Entities/Enemies/Patrol Enemy.prefab
  artifactKey: Guid(6f8456cbe2c03c14f956c362b4663d8f) Importer(815301076,1909f56bfc062723c751e8b465ee728b)
Start importing Assets/Resources/Prefabs/Entities/Enemies/Patrol Enemy.prefab using Guid(6f8456cbe2c03c14f956c362b4663d8f) Importer(815301076,1909f56bfc062723c751e8b465ee728b)  -> (artifact id: '745336357a272e550a9e899041b6f82f') in 0.094800 seconds 
========================================================================
Received Prepare
Registering precompiled user dll's ...
Registered in 0.003259 seconds.
Begin MonoManager ReloadAssembly
Native extension for WindowsStandalone target not found
Native extension for WebGL target not found
Refreshing native plugins compatible for Editor in 0.82 ms, found 2 plugins.
Preloading 0 native plugins for Editor in 0.00 ms.
Mono: successfully reloaded assembly
- Completed reload, in  0.907 seconds
Platform modules already initialized, skipping
Refreshing native plugins compatible for Editor in 0.82 ms, found 2 plugins.
Preloading 0 native plugins for Editor in 0.00 ms.
Unloading 3708 Unused Serialized files (Serialized files now loaded: 0)
System memory in use before: 144.4 MB.
System memory in use after: 144.5 MB.

Unloading 17 unused Assets to reduce memory usage. Loaded Objects now: 4179.
Total: 3.009400 ms (FindLiveObjects: 0.463200 ms CreateObjectMapping: 0.114500 ms MarkObjects: 2.327900 ms  DeleteObjects: 0.102500 ms)

========================================================================
Received Prepare
Registering precompiled user dll's ...
Registered in 0.003133 seconds.
Begin MonoManager ReloadAssembly
Native extension for WindowsStandalone target not found
Native extension for WebGL target not found
Refreshing native plugins compatible for Editor in 0.82 ms, found 2 plugins.
Preloading 0 native plugins for Editor in 0.00 ms.
Mono: successfully reloaded assembly
- Completed reload, in  0.907 seconds
Platform modules already initialized, skipping
Refreshing native plugins compatible for Editor in 0.84 ms, found 2 plugins.
Preloading 0 native plugins for Editor in 0.00 ms.
Unloading 3708 Unused Serialized files (Serialized files now loaded: 0)
System memory in use before: 144.5 MB.
System memory in use after: 144.6 MB.

Unloading 17 unused Assets to reduce memory usage. Loaded Objects now: 4183.
Total: 2.660300 ms (FindLiveObjects: 0.381900 ms CreateObjectMapping: 0.107100 ms MarkObjects: 2.072500 ms  DeleteObjects: 0.097400 ms)

========================================================================
Received Prepare
Registering precompiled user dll's ...
Registered in 0.003211 seconds.
Begin MonoManager ReloadAssembly
Native extension for WindowsStandalone target not found
Native extension for WebGL target not found
Refreshing native plugins compatible for Editor in 0.81 ms, found 2 plugins.
Preloading 0 native plugins for Editor in 0.00 ms.
Mono: successfully reloaded assembly
- Completed reload, in  0.956 seconds
Platform modules already initialized, skipping
Refreshing native plugins compatible for Editor in 0.82 ms, found 2 plugins.
Preloading 0 native plugins for Editor in 0.00 ms.
Unloading 3708 Unused Serialized files (Serialized files now loaded: 0)
System memory in use before: 144.5 MB.
System memory in use after: 144.6 MB.

Unloading 17 unused Assets to reduce memory usage. Loaded Objects now: 4187.
Total: 3.180600 ms (FindLiveObjects: 0.605700 ms CreateObjectMapping: 0.132800 ms MarkObjects: 2.338100 ms  DeleteObjects: 0.102600 ms)

========================================================================
Received Prepare
Registering precompiled user dll's ...
Registered in 0.002971 seconds.
Begin MonoManager ReloadAssembly
Native extension for WindowsStandalone target not found
Native extension for WebGL target not found
Refreshing native plugins compatible for Editor in 0.83 ms, found 2 plugins.
Preloading 0 native plugins for Editor in 0.00 ms.
Mono: successfully reloaded assembly
- Completed reload, in  0.892 seconds
Platform modules already initialized, skipping
Refreshing native plugins compatible for Editor in 0.82 ms, found 2 plugins.
Preloading 0 native plugins for Editor in 0.00 ms.
Unloading 3708 Unused Serialized files (Serialized files now loaded: 0)
System memory in use before: 144.5 MB.
System memory in use after: 144.6 MB.

Unloading 17 unused Assets to reduce memory usage. Loaded Objects now: 4191.
Total: 2.708600 ms (FindLiveObjects: 0.428800 ms CreateObjectMapping: 0.107900 ms MarkObjects: 2.073200 ms  DeleteObjects: 0.097700 ms)

========================================================================
Received Prepare
Registering precompiled user dll's ...
Registered in 0.003015 seconds.
Begin MonoManager ReloadAssembly
Native extension for WindowsStandalone target not found
Native extension for WebGL target not found
Refreshing native plugins compatible for Editor in 0.84 ms, found 2 plugins.
Preloading 0 native plugins for Editor in 0.00 ms.
Mono: successfully reloaded assembly
- Completed reload, in  0.907 seconds
Platform modules already initialized, skipping
Refreshing native plugins compatible for Editor in 0.82 ms, found 2 plugins.
Preloading 0 native plugins for Editor in 0.00 ms.
Unloading 3708 Unused Serialized files (Serialized files now loaded: 0)
System memory in use before: 144.5 MB.
System memory in use after: 144.6 MB.

Unloading 17 unused Assets to reduce memory usage. Loaded Objects now: 4195.
Total: 2.888300 ms (FindLiveObjects: 0.364600 ms CreateObjectMapping: 0.098100 ms MarkObjects: 2.315300 ms  DeleteObjects: 0.109500 ms)

========================================================================
Received Prepare
Registering precompiled user dll's ...
Registered in 0.002945 seconds.
Begin MonoManager ReloadAssembly
Native extension for WindowsStandalone target not found
Native extension for WebGL target not found
Refreshing native plugins compatible for Editor in 0.93 ms, found 2 plugins.
Preloading 0 native plugins for Editor in 0.00 ms.
Mono: successfully reloaded assembly
- Completed reload, in  0.957 seconds
Platform modules already initialized, skipping
Refreshing native plugins compatible for Editor in 0.86 ms, found 2 plugins.
Preloading 0 native plugins for Editor in 0.00 ms.
Unloading 3708 Unused Serialized files (Serialized files now loaded: 0)
System memory in use before: 144.5 MB.
System memory in use after: 144.6 MB.

Unloading 17 unused Assets to reduce memory usage. Loaded Objects now: 4199.
Total: 3.028800 ms (FindLiveObjects: 0.480000 ms CreateObjectMapping: 0.097800 ms MarkObjects: 2.336300 ms  DeleteObjects: 0.113700 ms)

========================================================================
Received Import Request.
  Time since last request: 828.143543 seconds.
  path: Assets/Scripts/Entity/DamageOnCollision.cs
  artifactKey: Guid(12c1c3c553df104458110de5531ae773) Importer(815301076,1909f56bfc062723c751e8b465ee728b)
Start importing Assets/Scripts/Entity/DamageOnCollision.cs using Guid(12c1c3c553df104458110de5531ae773) Importer(815301076,1909f56bfc062723c751e8b465ee728b)  -> (artifact id: '6f3f9263c566a145792ba3670bbeeddb') in 0.016128 seconds 
========================================================================
Received Import Request.
  Time since last request: 127.413413 seconds.
  path: Assets/Scripts/Entity/DamageOnHit.cs
  artifactKey: Guid(4b88dea57749cd34bb98b7c83f50ed32) Importer(815301076,1909f56bfc062723c751e8b465ee728b)
Start importing Assets/Scripts/Entity/DamageOnHit.cs using Guid(4b88dea57749cd34bb98b7c83f50ed32) Importer(815301076,1909f56bfc062723c751e8b465ee728b)  -> (artifact id: '95622706f45fd0c51af26648ef971dd6') in 0.006582 seconds 
========================================================================
Received Prepare
Registering precompiled user dll's ...
Registered in 0.003793 seconds.
Begin MonoManager ReloadAssembly
Native extension for WindowsStandalone target not found
Native extension for WebGL target not found
Refreshing native plugins compatible for Editor in 0.85 ms, found 2 plugins.
Preloading 0 native plugins for Editor in 0.00 ms.
Mono: successfully reloaded assembly
- Completed reload, in  0.934 seconds
Platform modules already initialized, skipping
Refreshing native plugins compatible for Editor in 0.85 ms, found 2 plugins.
Preloading 0 native plugins for Editor in 0.00 ms.
Unloading 3710 Unused Serialized files (Serialized files now loaded: 0)
System memory in use before: 144.6 MB.
System memory in use after: 144.7 MB.

Unloading 17 unused Assets to reduce memory usage. Loaded Objects now: 4205.
Total: 2.716800 ms (FindLiveObjects: 0.460500 ms CreateObjectMapping: 0.096400 ms MarkObjects: 2.060000 ms  DeleteObjects: 0.098700 ms)

========================================================================
Received Import Request.
  Time since last request: 162.678217 seconds.
  path: Assets/Scripts/Entity/DamageOnHit.cs
  artifactKey: Guid(4b88dea57749cd34bb98b7c83f50ed32) Importer(815301076,1909f56bfc062723c751e8b465ee728b)
Start importing Assets/Scripts/Entity/DamageOnHit.cs using Guid(4b88dea57749cd34bb98b7c83f50ed32) Importer(815301076,1909f56bfc062723c751e8b465ee728b)  -> (artifact id: 'a43fc0c3966c18ab8c521c114d2f6289') in 0.007005 seconds 
========================================================================
Received Prepare
Registering precompiled user dll's ...
Registered in 0.003640 seconds.
Begin MonoManager ReloadAssembly
Native extension for WindowsStandalone target not found
Native extension for WebGL target not found
Refreshing native plugins compatible for Editor in 0.94 ms, found 2 plugins.
Preloading 0 native plugins for Editor in 0.00 ms.
Mono: successfully reloaded assembly
- Completed reload, in  0.940 seconds
Platform modules already initialized, skipping
Refreshing native plugins compatible for Editor in 0.92 ms, found 2 plugins.
Preloading 0 native plugins for Editor in 0.00 ms.
Unloading 3710 Unused Serialized files (Serialized files now loaded: 0)
System memory in use before: 144.6 MB.
System memory in use after: 144.7 MB.

Unloading 17 unused Assets to reduce memory usage. Loaded Objects now: 4209.
Total: 2.975000 ms (FindLiveObjects: 0.408100 ms CreateObjectMapping: 0.092100 ms MarkObjects: 2.363500 ms  DeleteObjects: 0.109900 ms)

========================================================================
Received Import Request.
  Time since last request: 56.906924 seconds.
  path: Assets/Scripts/Entity/DamageOnHit.cs
  artifactKey: Guid(4b88dea57749cd34bb98b7c83f50ed32) Importer(815301076,1909f56bfc062723c751e8b465ee728b)
Start importing Assets/Scripts/Entity/DamageOnHit.cs using Guid(4b88dea57749cd34bb98b7c83f50ed32) Importer(815301076,1909f56bfc062723c751e8b465ee728b)  -> (artifact id: 'b992cabbd2a37b8d7eb9f73f9c572109') in 0.006933 seconds 
========================================================================
Received Prepare
Registering precompiled user dll's ...
Registered in 0.003657 seconds.
Begin MonoManager ReloadAssembly
Native extension for WindowsStandalone target not found
Native extension for WebGL target not found
Refreshing native plugins compatible for Editor in 1.06 ms, found 2 plugins.
Preloading 0 native plugins for Editor in 0.00 ms.
Mono: successfully reloaded assembly
- Completed reload, in  0.979 seconds
Platform modules already initialized, skipping
Refreshing native plugins compatible for Editor in 0.82 ms, found 2 plugins.
Preloading 0 native plugins for Editor in 0.00 ms.
Unloading 3710 Unused Serialized files (Serialized files now loaded: 0)
System memory in use before: 144.6 MB.
System memory in use after: 144.7 MB.

Unloading 17 unused Assets to reduce memory usage. Loaded Objects now: 4213.
Total: 2.935700 ms (FindLiveObjects: 0.403200 ms CreateObjectMapping: 0.099900 ms MarkObjects: 2.319800 ms  DeleteObjects: 0.111800 ms)

========================================================================
Received Prepare
Registering precompiled user dll's ...
Registered in 0.003490 seconds.
Begin MonoManager ReloadAssembly
Native extension for WindowsStandalone target not found
Native extension for WebGL target not found
Refreshing native plugins compatible for Editor in 0.88 ms, found 2 plugins.
Preloading 0 native plugins for Editor in 0.00 ms.
Mono: successfully reloaded assembly
- Completed reload, in  1.033 seconds
Platform modules already initialized, skipping
Refreshing native plugins compatible for Editor in 0.84 ms, found 2 plugins.
Preloading 0 native plugins for Editor in 0.00 ms.
Unloading 3710 Unused Serialized files (Serialized files now loaded: 0)
System memory in use before: 144.6 MB.
System memory in use after: 144.7 MB.

Unloading 17 unused Assets to reduce memory usage. Loaded Objects now: 4217.
Total: 3.079300 ms (FindLiveObjects: 0.381100 ms CreateObjectMapping: 0.102700 ms MarkObjects: 2.479700 ms  DeleteObjects: 0.114500 ms)

========================================================================
Received Prepare
Registering precompiled user dll's ...
Registered in 0.003167 seconds.
Begin MonoManager ReloadAssembly
Native extension for WindowsStandalone target not found
Native extension for WebGL target not found
Refreshing native plugins compatible for Editor in 0.83 ms, found 2 plugins.
Preloading 0 native plugins for Editor in 0.00 ms.
Mono: successfully reloaded assembly
- Completed reload, in  0.896 seconds
Platform modules already initialized, skipping
Refreshing native plugins compatible for Editor in 0.83 ms, found 2 plugins.
Preloading 0 native plugins for Editor in 0.00 ms.
Unloading 3710 Unused Serialized files (Serialized files now loaded: 0)
System memory in use before: 144.6 MB.
System memory in use after: 144.7 MB.

Unloading 17 unused Assets to reduce memory usage. Loaded Objects now: 4221.
Total: 2.923500 ms (FindLiveObjects: 0.383900 ms CreateObjectMapping: 0.100200 ms MarkObjects: 2.321700 ms  DeleteObjects: 0.116500 ms)

