Using pre-set license
Built from '2021.1/staging' branch; Version is '2021.1.3f1 (4bef613afd59) revision 4976481'; Using compiler version '192528614'; Build Type 'Release'
OS: 'Windows 10 Home; OS build 19042.746; Version 2009; 64bit' Language: 'en' Physical Memory: 16106 MB
BatchMode: 1, IsHumanControllingUs: 0, StartBugReporterOnCrash: 0, Is64bit: 1, IsPro: 0

 COMMAND LINE ARGUMENTS:
C:\Program Files\Unity\Hub\Editor\2021.1.3f1\Editor\Unity.exe
-adb2
-batchMode
-noUpm
-name
AssetImportWorker0
-projectPath
C:/Users/hdunp/Documents/Unity/Github/Metroidvania
-logFile
Logs/AssetImportWorker0.log
-srvPort
64130
Successfully changed project path to: C:/Users/hdunp/Documents/Unity/Github/Metroidvania
C:/Users/hdunp/Documents/Unity/Github/Metroidvania
Using Asset Import Pipeline V2.
Refreshing native plugins compatible for Editor in 212.52 ms, found 2 plugins.
Preloading 0 native plugins for Editor in 0.00 ms.
Initialize engine version: 2021.1.3f1 (4bef613afd59)
[Subsystems] Discovering subsystems at path C:/Program Files/Unity/Hub/Editor/2021.1.3f1/Editor/Data/Resources/UnitySubsystems
[Subsystems] Discovering subsystems at path C:/Users/hdunp/Documents/Unity/Github/Metroidvania/Assets
GfxDevice: creating device client; threaded=0; jobified=0
Direct3D:
    Version:  Direct3D 11.0 [level 11.1]
    Renderer: Intel(R) Iris(R) Xe Graphics (ID=0x9a49)
    Vendor:   Intel
    VRAM:     8053 MB
    Driver:   27.20.100.9316
Initialize mono
Mono path[0] = 'C:/Program Files/Unity/Hub/Editor/2021.1.3f1/Editor/Data/Managed'
Mono path[1] = 'C:/Program Files/Unity/Hub/Editor/2021.1.3f1/Editor/Data/MonoBleedingEdge/lib/mono/unityjit'
Mono config path = 'C:/Program Files/Unity/Hub/Editor/2021.1.3f1/Editor/Data/MonoBleedingEdge/etc'
Using monoOptions --debugger-agent=transport=dt_socket,embedding=1,server=y,suspend=n,address=127.0.0.1:56204
Begin MonoManager ReloadAssembly
Registering precompiled unity dll's ...
Register platform support module: C:/Program Files/Unity/Hub/Editor/2021.1.3f1/Editor/Data/PlaybackEngines/WebGLSupport/UnityEditor.WebGL.Extensions.dll
Register platform support module: C:/Program Files/Unity/Hub/Editor/2021.1.3f1/Editor/Data/PlaybackEngines/WindowsStandaloneSupport/UnityEditor.WindowsStandalone.Extensions.dll
Registered in 0.005865 seconds.
Native extension for WindowsStandalone target not found
Native extension for WebGL target not found
Refreshing native plugins compatible for Editor in 208.55 ms, found 2 plugins.
Preloading 0 native plugins for Editor in 0.00 ms.
Mono: successfully reloaded assembly
- Completed reload, in  3.099 seconds
Platform modules already initialized, skipping
Registering precompiled user dll's ...
Registered in 0.006362 seconds.
Begin MonoManager ReloadAssembly
Native extension for WindowsStandalone target not found
Native extension for WebGL target not found
Refreshing native plugins compatible for Editor in 210.03 ms, found 2 plugins.
Preloading 0 native plugins for Editor in 0.00 ms.
Mono: successfully reloaded assembly
- Completed reload, in  2.546 seconds
Platform modules already initialized, skipping
========================================================================
Worker process is ready to serve import requests
Launched and connected shader compiler UnityShaderCompiler.exe after 0.08 seconds
Refreshing native plugins compatible for Editor in 1.10 ms, found 2 plugins.
Preloading 0 native plugins for Editor in 0.00 ms.
Unloading 3785 Unused Serialized files (Serialized files now loaded: 0)
System memory in use before: 143.6 MB.
System memory in use after: 143.8 MB.

Unloading 26 unused Assets to reduce memory usage. Loaded Objects now: 4245.
Total: 3.460000 ms (FindLiveObjects: 0.363800 ms CreateObjectMapping: 0.129600 ms MarkObjects: 2.859700 ms  DeleteObjects: 0.105600 ms)

========================================================================
Received Import Request.
  path: Assets/Scripts/Controllers/Sound
  artifactKey: Guid(6a3cd1d0bd8dfb343907ecbc2b32b199) Importer(815301076,1909f56bfc062723c751e8b465ee728b)
Start importing Assets/Scripts/Controllers/Sound using Guid(6a3cd1d0bd8dfb343907ecbc2b32b199) Importer(815301076,1909f56bfc062723c751e8b465ee728b)  -> (artifact id: 'ee7b922e6efa67c1cf1f874cf4910c58') in 0.012787 seconds 
========================================================================
Received Import Request.
  Time since last request: 0.000357 seconds.
  path: Assets/Scripts/Controllers/Sound/GameSoundManager.cs
  artifactKey: Guid(12bde0889e2fdcf47a6c896c84a2bab8) Importer(815301076,1909f56bfc062723c751e8b465ee728b)
Start importing Assets/Scripts/Controllers/Sound/GameSoundManager.cs using Guid(12bde0889e2fdcf47a6c896c84a2bab8) Importer(815301076,1909f56bfc062723c751e8b465ee728b)  -> (artifact id: '7d911fb30601fdf99fb1227e0871b2b5') in 0.045974 seconds 
========================================================================
Received Import Request.
  Time since last request: 354.952689 seconds.
  path: Assets/Scripts/Controllers/Sound/GameSoundManager.cs
  artifactKey: Guid(12bde0889e2fdcf47a6c896c84a2bab8) Importer(815301076,1909f56bfc062723c751e8b465ee728b)
Start importing Assets/Scripts/Controllers/Sound/GameSoundManager.cs using Guid(12bde0889e2fdcf47a6c896c84a2bab8) Importer(815301076,1909f56bfc062723c751e8b465ee728b)  -> (artifact id: '07a5ff4a3dfad756e6ecafb62744b95a') in 0.004141 seconds 
========================================================================
Received Prepare
Registering precompiled user dll's ...
Registered in 0.008436 seconds.
Begin MonoManager ReloadAssembly
Native extension for WindowsStandalone target not found
Native extension for WebGL target not found
Refreshing native plugins compatible for Editor in 1.23 ms, found 2 plugins.
Preloading 0 native plugins for Editor in 0.00 ms.
Mono: successfully reloaded assembly
- Completed reload, in  1.932 seconds
Platform modules already initialized, skipping
Refreshing native plugins compatible for Editor in 1.03 ms, found 2 plugins.
Preloading 0 native plugins for Editor in 0.00 ms.
Unloading 3762 Unused Serialized files (Serialized files now loaded: 0)
System memory in use before: 142.0 MB.
System memory in use after: 142.2 MB.

Unloading 12 unused Assets to reduce memory usage. Loaded Objects now: 4249.
Total: 3.741400 ms (FindLiveObjects: 0.313900 ms CreateObjectMapping: 0.157900 ms MarkObjects: 3.250300 ms  DeleteObjects: 0.018000 ms)

========================================================================
Received Import Request.
  Time since last request: 1071.374999 seconds.
  path: Assets/Scripts/Controllers/Sound/GameSoundManager.cs
  artifactKey: Guid(12bde0889e2fdcf47a6c896c84a2bab8) Importer(815301076,1909f56bfc062723c751e8b465ee728b)
Start importing Assets/Scripts/Controllers/Sound/GameSoundManager.cs using Guid(12bde0889e2fdcf47a6c896c84a2bab8) Importer(815301076,1909f56bfc062723c751e8b465ee728b)  -> (artifact id: '28fa01493427077d37e8e26672f4f133') in 0.011777 seconds 
========================================================================
Received Import Request.
  Time since last request: 669.603852 seconds.
  path: Assets/Scripts/Controllers/Sound/SoundPlayerBase.cs
  artifactKey: Guid(15516060ab45a5846868e4bdba83e5e3) Importer(815301076,1909f56bfc062723c751e8b465ee728b)
Start importing Assets/Scripts/Controllers/Sound/SoundPlayerBase.cs using Guid(15516060ab45a5846868e4bdba83e5e3) Importer(815301076,1909f56bfc062723c751e8b465ee728b)  -> (artifact id: 'fc180e584f2e65a88b86d42ccc7d23e8') in 0.005766 seconds 
========================================================================
Received Prepare
Registering precompiled user dll's ...
Registered in 0.008077 seconds.
Begin MonoManager ReloadAssembly
Native extension for WindowsStandalone target not found
Native extension for WebGL target not found
Refreshing native plugins compatible for Editor in 0.98 ms, found 2 plugins.
Preloading 0 native plugins for Editor in 0.00 ms.
Mono: successfully reloaded assembly
- Completed reload, in  1.979 seconds
Platform modules already initialized, skipping
Refreshing native plugins compatible for Editor in 0.99 ms, found 2 plugins.
Preloading 0 native plugins for Editor in 0.00 ms.
Unloading 3763 Unused Serialized files (Serialized files now loaded: 0)
System memory in use before: 142.1 MB.
System memory in use after: 142.3 MB.

Unloading 12 unused Assets to reduce memory usage. Loaded Objects now: 4254.
Total: 5.106200 ms (FindLiveObjects: 0.312300 ms CreateObjectMapping: 0.153000 ms MarkObjects: 4.602500 ms  DeleteObjects: 0.029300 ms)

========================================================================
Received Import Request.
  Time since last request: 166.088133 seconds.
  path: Assets/Scripts/Controllers/Sound/SoundPlayerBase.cs
  artifactKey: Guid(15516060ab45a5846868e4bdba83e5e3) Importer(815301076,1909f56bfc062723c751e8b465ee728b)
Start importing Assets/Scripts/Controllers/Sound/SoundPlayerBase.cs using Guid(15516060ab45a5846868e4bdba83e5e3) Importer(815301076,1909f56bfc062723c751e8b465ee728b)  -> (artifact id: '73db4dc3bcbd4a46124b7cbde53aa652') in 0.011119 seconds 
========================================================================
Received Prepare
Registering precompiled user dll's ...
Registered in 0.008147 seconds.
Begin MonoManager ReloadAssembly
Native extension for WindowsStandalone target not found
Native extension for WebGL target not found
Refreshing native plugins compatible for Editor in 0.99 ms, found 2 plugins.
Preloading 0 native plugins for Editor in 0.00 ms.
Mono: successfully reloaded assembly
- Completed reload, in  1.967 seconds
Platform modules already initialized, skipping
Refreshing native plugins compatible for Editor in 1.12 ms, found 2 plugins.
Preloading 0 native plugins for Editor in 0.00 ms.
Unloading 3763 Unused Serialized files (Serialized files now loaded: 0)
System memory in use before: 142.1 MB.
System memory in use after: 142.4 MB.

Unloading 12 unused Assets to reduce memory usage. Loaded Objects now: 4258.
Total: 4.774600 ms (FindLiveObjects: 0.307000 ms CreateObjectMapping: 0.156400 ms MarkObjects: 4.208000 ms  DeleteObjects: 0.100800 ms)

========================================================================
Received Import Request.
  Time since last request: 24.408338 seconds.
  path: Assets/Scripts/Controllers/Sound/SoundPlayerBase.cs
  artifactKey: Guid(15516060ab45a5846868e4bdba83e5e3) Importer(815301076,1909f56bfc062723c751e8b465ee728b)
Start importing Assets/Scripts/Controllers/Sound/SoundPlayerBase.cs using Guid(15516060ab45a5846868e4bdba83e5e3) Importer(815301076,1909f56bfc062723c751e8b465ee728b)  -> (artifact id: '509873c93740ce27ceaf0cb87c798f7c') in 0.008614 seconds 
========================================================================
Received Prepare
Registering precompiled user dll's ...
Registered in 0.006240 seconds.
Begin MonoManager ReloadAssembly
Native extension for WindowsStandalone target not found
Native extension for WebGL target not found
Refreshing native plugins compatible for Editor in 1.13 ms, found 2 plugins.
Preloading 0 native plugins for Editor in 0.00 ms.
Mono: successfully reloaded assembly
- Completed reload, in  1.935 seconds
Platform modules already initialized, skipping
Refreshing native plugins compatible for Editor in 1.02 ms, found 2 plugins.
Preloading 0 native plugins for Editor in 0.00 ms.
Unloading 3763 Unused Serialized files (Serialized files now loaded: 0)
System memory in use before: 142.1 MB.
System memory in use after: 142.4 MB.

Unloading 12 unused Assets to reduce memory usage. Loaded Objects now: 4262.
Total: 4.096000 ms (FindLiveObjects: 0.331300 ms CreateObjectMapping: 0.154200 ms MarkObjects: 3.575700 ms  DeleteObjects: 0.033000 ms)

========================================================================
Received Import Request.
  Time since last request: 19.329625 seconds.
  path: Assets/Scripts/Controllers/Sound/SoundPlayerBase.cs
  artifactKey: Guid(15516060ab45a5846868e4bdba83e5e3) Importer(815301076,1909f56bfc062723c751e8b465ee728b)
Start importing Assets/Scripts/Controllers/Sound/SoundPlayerBase.cs using Guid(15516060ab45a5846868e4bdba83e5e3) Importer(815301076,1909f56bfc062723c751e8b465ee728b)  -> (artifact id: '0bdc932cf6479aa32a2a424230953d1b') in 0.011577 seconds 
========================================================================
Received Prepare
Registering precompiled user dll's ...
Registered in 0.008184 seconds.
Begin MonoManager ReloadAssembly
Native extension for WindowsStandalone target not found
Native extension for WebGL target not found
Refreshing native plugins compatible for Editor in 1.02 ms, found 2 plugins.
Preloading 0 native plugins for Editor in 0.00 ms.
Mono: successfully reloaded assembly
- Completed reload, in  1.978 seconds
Platform modules already initialized, skipping
Refreshing native plugins compatible for Editor in 1.05 ms, found 2 plugins.
Preloading 0 native plugins for Editor in 0.00 ms.
Unloading 3763 Unused Serialized files (Serialized files now loaded: 0)
System memory in use before: 142.1 MB.
System memory in use after: 142.4 MB.

Unloading 12 unused Assets to reduce memory usage. Loaded Objects now: 4266.
Total: 4.820400 ms (FindLiveObjects: 0.463500 ms CreateObjectMapping: 0.288800 ms MarkObjects: 4.036900 ms  DeleteObjects: 0.029400 ms)

========================================================================
Received Prepare
Registering precompiled user dll's ...
Registered in 0.006550 seconds.
Begin MonoManager ReloadAssembly
Native extension for WindowsStandalone target not found
Native extension for WebGL target not found
Refreshing native plugins compatible for Editor in 1.08 ms, found 2 plugins.
Preloading 0 native plugins for Editor in 0.00 ms.
Mono: successfully reloaded assembly
- Completed reload, in  2.031 seconds
Platform modules already initialized, skipping
Refreshing native plugins compatible for Editor in 1.03 ms, found 2 plugins.
Preloading 0 native plugins for Editor in 0.00 ms.
Unloading 3763 Unused Serialized files (Serialized files now loaded: 0)
System memory in use before: 142.2 MB.
System memory in use after: 142.4 MB.

Unloading 12 unused Assets to reduce memory usage. Loaded Objects now: 4270.
Total: 3.917200 ms (FindLiveObjects: 0.323800 ms CreateObjectMapping: 0.154000 ms MarkObjects: 3.405400 ms  DeleteObjects: 0.032300 ms)

========================================================================
Received Prepare
Registering precompiled user dll's ...
Registered in 0.007734 seconds.
Begin MonoManager ReloadAssembly
Native extension for WindowsStandalone target not found
Native extension for WebGL target not found
Refreshing native plugins compatible for Editor in 1.10 ms, found 2 plugins.
Preloading 0 native plugins for Editor in 0.00 ms.
Mono: successfully reloaded assembly
- Completed reload, in  1.986 seconds
Platform modules already initialized, skipping
Refreshing native plugins compatible for Editor in 0.87 ms, found 2 plugins.
Preloading 0 native plugins for Editor in 0.00 ms.
Unloading 3763 Unused Serialized files (Serialized files now loaded: 0)
System memory in use before: 142.2 MB.
System memory in use after: 142.4 MB.

Unloading 12 unused Assets to reduce memory usage. Loaded Objects now: 4274.
Total: 3.865100 ms (FindLiveObjects: 0.303900 ms CreateObjectMapping: 0.196900 ms MarkObjects: 3.331200 ms  DeleteObjects: 0.031400 ms)

========================================================================
Received Import Request.
  Time since last request: 407.503442 seconds.
  path: Assets/Resources/Prefabs
  artifactKey: Guid(e6e937c37070e8f41967a27d44d4cb57) Importer(815301076,1909f56bfc062723c751e8b465ee728b)
Start importing Assets/Resources/Prefabs using Guid(e6e937c37070e8f41967a27d44d4cb57) Importer(815301076,1909f56bfc062723c751e8b465ee728b)  -> (artifact id: '8f20dada0c95637d9c2a5fd0662b871e') in 0.023957 seconds 
========================================================================
Received Import Request.
  Time since last request: 7.313935 seconds.
  path: Assets/Resources/Prefabs/Game Manager.prefab
  artifactKey: Guid(7c0a5738a746a6248ba132b280432b6f) Importer(815301076,1909f56bfc062723c751e8b465ee728b)
Start importing Assets/Resources/Prefabs/Game Manager.prefab using Guid(7c0a5738a746a6248ba132b280432b6f) Importer(815301076,1909f56bfc062723c751e8b465ee728b)  -> (artifact id: 'ae1219fe48aa11076459a760611ff7fd') in 0.128008 seconds 
========================================================================
Received Import Request.
  Time since last request: 54.930206 seconds.
  path: Assets/Resources/Prefabs/Game Manager 1.prefab
  artifactKey: Guid(f0ff9c2d1ddd94b42ac096a4e0bc5423) Importer(815301076,1909f56bfc062723c751e8b465ee728b)
Start importing Assets/Resources/Prefabs/Game Manager 1.prefab using Guid(f0ff9c2d1ddd94b42ac096a4e0bc5423) Importer(815301076,1909f56bfc062723c751e8b465ee728b)  -> (artifact id: 'a96f47084d9bda070c118db8459df1d3') in 0.031974 seconds 
========================================================================
Received Import Request.
  Time since last request: 11.736929 seconds.
  path: Assets/Resources/Prefabs/Game Manager.prefab
  artifactKey: Guid(f0ff9c2d1ddd94b42ac096a4e0bc5423) Importer(815301076,1909f56bfc062723c751e8b465ee728b)
Start importing Assets/Resources/Prefabs/Game Manager.prefab using Guid(f0ff9c2d1ddd94b42ac096a4e0bc5423) Importer(815301076,1909f56bfc062723c751e8b465ee728b)  -> (artifact id: 'ee202ab2f07939c6056c3a881f84ee6b') in 0.017698 seconds 
AssetImportWorkerClient::OnTransportError - code=2 error=End of file
